Thu 05 Oct 2023 07:01:53 PM UTC: 
 tests:  0|5
total_score: 0/70
15c3af0
Thu 05 Oct 2023 07:07:15 PM UTC: 
 sudoku.c | 11 ++++++++++-
 1 file changed, 10 insertions(+), 1 deletion(-)
In file included from test.c:5:
sudoku.c: In function ‘is_valid’:
sudoku.c:49:21: error: ‘fila’ undeclared (first use in this function)
   49 | for (int i = 0; i < fila; i++)
      |                     ^~~~
sudoku.c:49:21: note: each undeclared identifier is reported only once for each function it appears in
sudoku.c:51:6: error: ‘Node’ has no member named ‘reinas’
   51 | if (n->reinas[i] == columna || abs(node->reinas[i] - columna) == abs(i - fila))
      |      ^~
sudoku.c:51:21: error: ‘columna’ undeclared (first use in this function)
   51 | if (n->reinas[i] == columna || abs(node->reinas[i] - columna) == abs(i - fila))
      |                     ^~~~~~~
sudoku.c:51:36: error: ‘node’ undeclared (first use in this function); did you mean ‘Node’?
   51 | if (n->reinas[i] == columna || abs(node->reinas[i] - columna) == abs(i - fila))
      |                                    ^~~~
      |                                    Node
sudoku.c:53:8: error: ‘true’ undeclared (first use in this function)
   53 | return true;
      |        ^~~~
sudoku.c:4:1: note: ‘true’ is defined in header ‘<stdbool.h>’; did you forget to ‘#include <stdbool.h>’?
    3 | #include "list.h"
  +++ |+#include <stdbool.h>
    4 | 
sudoku.c:56:8: error: ‘false’ undeclared (first use in this function)
   56 | return false;
      |        ^~~~~
sudoku.c:56:8: note: ‘false’ is defined in header ‘<stdbool.h>’; did you forget to ‘#include <stdbool.h>’?
sudoku.c:58:1: error: control reaches end of non-void function [-Werror=return-type]
   58 | }
      | ^
cc1: all warnings being treated as errors
Compilation failed
2a93bc1
Thu 05 Oct 2023 07:08:14 PM UTC: 
 sudoku.c | 4 ++--
 1 file changed, 2 insertions(+), 2 deletions(-)
In file included from test.c:5:
sudoku.c: In function ‘is_valid’:
sudoku.c:49:21: error: ‘i’ undeclared (first use in this function)
   49 | for (int a = 0; a < i; i++)
      |                     ^
sudoku.c:49:21: note: each undeclared identifier is reported only once for each function it appears in
sudoku.c:51:6: error: ‘Node’ has no member named ‘reinas’
   51 | if (n->reinas[a] == j || abs(node->reinas[a] - j) == abs(a - i))
      |      ^~
sudoku.c:51:21: error: ‘j’ undeclared (first use in this function)
   51 | if (n->reinas[a] == j || abs(node->reinas[a] - j) == abs(a - i))
      |                     ^
sudoku.c:51:30: error: ‘node’ undeclared (first use in this function); did you mean ‘Node’?
   51 | if (n->reinas[a] == j || abs(node->reinas[a] - j) == abs(a - i))
      |                              ^~~~
      |                              Node
sudoku.c:53:8: error: ‘true’ undeclared (first use in this function)
   53 | return true;
      |        ^~~~
sudoku.c:4:1: note: ‘true’ is defined in header ‘<stdbool.h>’; did you forget to ‘#include <stdbool.h>’?
    3 | #include "list.h"
  +++ |+#include <stdbool.h>
    4 | 
sudoku.c:56:8: error: ‘false’ undeclared (first use in this function)
   56 | return false;
      |        ^~~~~
sudoku.c:56:8: note: ‘false’ is defined in header ‘<stdbool.h>’; did you forget to ‘#include <stdbool.h>’?
sudoku.c:58:1: error: control reaches end of non-void function [-Werror=return-type]
   58 | }
      | ^
cc1: all warnings being treated as errors
Compilation failed
7230c68
Thu 05 Oct 2023 07:08:25 PM UTC: 
 sudoku.c | 2 +-
 1 file changed, 1 insertion(+), 1 deletion(-)
In file included from test.c:5:
sudoku.c: In function ‘is_valid’:
sudoku.c:49:21: error: ‘i’ undeclared (first use in this function)
   49 | for (int a = 0; a < i; i++)
      |                     ^
sudoku.c:49:21: note: each undeclared identifier is reported only once for each function it appears in
sudoku.c:51:6: error: ‘Node’ has no member named ‘reinas’
   51 | if (n->reinas[a] == j || abs(n->reinas[a] - j) == abs(a - i))
      |      ^~
sudoku.c:51:21: error: ‘j’ undeclared (first use in this function)
   51 | if (n->reinas[a] == j || abs(n->reinas[a] - j) == abs(a - i))
      |                     ^
sudoku.c:51:31: error: ‘Node’ has no member named ‘reinas’
   51 | if (n->reinas[a] == j || abs(n->reinas[a] - j) == abs(a - i))
      |                               ^~
sudoku.c:53:8: error: ‘true’ undeclared (first use in this function)
   53 | return true;
      |        ^~~~
sudoku.c:4:1: note: ‘true’ is defined in header ‘<stdbool.h>’; did you forget to ‘#include <stdbool.h>’?
    3 | #include "list.h"
  +++ |+#include <stdbool.h>
    4 | 
sudoku.c:56:8: error: ‘false’ undeclared (first use in this function)
   56 | return false;
      |        ^~~~~
sudoku.c:56:8: note: ‘false’ is defined in header ‘<stdbool.h>’; did you forget to ‘#include <stdbool.h>’?
sudoku.c:58:1: error: control reaches end of non-void function [-Werror=return-type]
   58 | }
      | ^
cc1: all warnings being treated as errors
Compilation failed
3025548
Thu 05 Oct 2023 07:09:01 PM UTC: 
 sudoku.c | 10 +---------
 1 file changed, 1 insertion(+), 9 deletions(-)
test.c: In function ‘is_valid’:
test.c:245:5: error: ‘main’ is normally a non-static function [-Werror=main]
  245 | int main( int argc, char *argv[] ) {
      |     ^~~~
test.c:262:1: error: expected declaration or statement at end of input
  262 | }
      | ^
test.c:263: error: control reaches end of non-void function [-Werror=return-type]
At top level:
test.c:245:5: error: ‘main’ defined but not used [-Werror=unused-function]
  245 | int main( int argc, char *argv[] ) {
      |     ^~~~
test.c:7:8: error: ‘_strdup’ defined but not used [-Werror=unused-function]
    7 | char * _strdup(const char * str) {
      |        ^~~~~~~
cc1: all warnings being treated as errors
Compilation failed
62712dd
Thu 05 Oct 2023 07:24:22 PM UTC: 
 sudoku.c | 11 +++++++++++
 1 file changed, 11 insertions(+)
In file included from test.c:5:
sudoku.c: In function ‘is_valid’:
sudoku.c:51:16: error: ‘j’ undeclared (first use in this function)
   51 |           for (j =0; j<0; i++)
      |                ^
sudoku.c:51:16: note: each undeclared identifier is reported only once for each function it appears in
sudoku.c:53:15: error: ‘a’ undeclared (first use in this function)
   53 |               a = sudo[i+1][j]
      |               ^
sudoku.c:53:19: error: ‘sudo’ undeclared (first use in this function)
   53 |               a = sudo[i+1][j]
      |                   ^~~~
sudoku.c:53:31: error: expected ‘;’ before ‘if’
   53 |               a = sudo[i+1][j]
      |                               ^
      |                               ;
   54 |               if (a = sudo[i][j])
      |               ~~               
sudoku.c:61:1: error: control reaches end of non-void function [-Werror=return-type]
   61 | }
      | ^
cc1: all warnings being treated as errors
Compilation failed
1d20940
Thu 05 Oct 2023 07:24:42 PM UTC: 
 sudoku.c | 2 +-
 1 file changed, 1 insertion(+), 1 deletion(-)
In file included from test.c:5:
sudoku.c: In function ‘is_valid’:
sudoku.c:53:15: error: ‘a’ undeclared (first use in this function)
   53 |               a = sudo[i+1][j]
      |               ^
sudoku.c:53:15: note: each undeclared identifier is reported only once for each function it appears in
sudoku.c:53:19: error: ‘sudo’ undeclared (first use in this function)
   53 |               a = sudo[i+1][j]
      |                   ^~~~
sudoku.c:53:31: error: expected ‘;’ before ‘if’
   53 |               a = sudo[i+1][j]
      |                               ^
      |                               ;
   54 |               if (a = sudo[i][j])
      |               ~~               
sudoku.c:61:1: error: control reaches end of non-void function [-Werror=return-type]
   61 | }
      | ^
cc1: all warnings being treated as errors
Compilation failed
cd88506
Thu 05 Oct 2023 07:24:51 PM UTC: 
 sudoku.c | 2 +-
 1 file changed, 1 insertion(+), 1 deletion(-)
In file included from test.c:5:
sudoku.c: In function ‘is_valid’:
sudoku.c:53:23: error: ‘sudo’ undeclared (first use in this function)
   53 |               int a = sudo[i+1][j]
      |                       ^~~~
sudoku.c:53:23: note: each undeclared identifier is reported only once for each function it appears in
sudoku.c:54:15: error: expected ‘,’ or ‘;’ before ‘if’
   54 |               if (a = sudo[i][j])
      |               ^~
sudoku.c:53:19: error: unused variable ‘a’ [-Werror=unused-variable]
   53 |               int a = sudo[i+1][j]
      |                   ^
sudoku.c:61:1: error: control reaches end of non-void function [-Werror=return-type]
   61 | }
      | ^
cc1: all warnings being treated as errors
Compilation failed
1c2a1ec
Thu 05 Oct 2023 07:25:00 PM UTC: 
 sudoku.c | 2 +-
 1 file changed, 1 insertion(+), 1 deletion(-)
In file included from test.c:5:
sudoku.c: In function ‘is_valid’:
sudoku.c:53:23: error: ‘sudo’ undeclared (first use in this function)
   53 |               int a = sudo[i+1][j];
      |                       ^~~~
sudoku.c:53:23: note: each undeclared identifier is reported only once for each function it appears in
sudoku.c:56:24: error: ‘false’ undeclared (first use in this function)
   56 |                 return false;
      |                        ^~~~~
sudoku.c:4:1: note: ‘false’ is defined in header ‘<stdbool.h>’; did you forget to ‘#include <stdbool.h>’?
    3 | #include "list.h"
  +++ |+#include <stdbool.h>
    4 | 
sudoku.c:53:19: error: variable ‘a’ set but not used [-Werror=unused-but-set-variable]
   53 |               int a = sudo[i+1][j];
      |                   ^
sudoku.c:61:1: error: control reaches end of non-void function [-Werror=return-type]
   61 | }
      | ^
cc1: all warnings being treated as errors
Compilation failed
ce989b5
Thu 05 Oct 2023 07:25:38 PM UTC: 
 sudoku.c | 2 +-
 1 file changed, 1 insertion(+), 1 deletion(-)
In file included from test.c:5:
sudoku.c: In function ‘is_valid’:
sudoku.c:53:23: error: ‘sudo’ undeclared (first use in this function)
   53 |               int a = sudo[i+1][j];
      |                       ^~~~
sudoku.c:53:23: note: each undeclared identifier is reported only once for each function it appears in
sudoku.c:53:19: error: variable ‘a’ set but not used [-Werror=unused-but-set-variable]
   53 |               int a = sudo[i+1][j];
      |                   ^
sudoku.c:61:1: error: control reaches end of non-void function [-Werror=return-type]
   61 | }
      | ^
cc1: all warnings being treated as errors
Compilation failed
920e673
Thu 05 Oct 2023 07:26:54 PM UTC: 
 sudoku.c | 4 ++--
 1 file changed, 2 insertions(+), 2 deletions(-)
In file included from test.c:5:
sudoku.c: In function ‘is_valid’:
sudoku.c:54:19: error: suggest parentheses around assignment used as truth value [-Werror=parentheses]
   54 |               if (a = n->sudo[i][j])
      |                   ^
sudoku.c:61:1: error: control reaches end of non-void function [-Werror=return-type]
   61 | }
      | ^
cc1: all warnings being treated as errors
Compilation failed
818db61
Thu 05 Oct 2023 07:27:04 PM UTC: 
 sudoku.c | 2 +-
 1 file changed, 1 insertion(+), 1 deletion(-)
In file included from test.c:5:
sudoku.c: In function ‘is_valid’:
sudoku.c:61:1: error: control reaches end of non-void function [-Werror=return-type]
   61 | }
      | ^
cc1: all warnings being treated as errors
Compilation failed
ac01705
Thu 05 Oct 2023 07:27:20 PM UTC: 
 sudoku.c | 2 +-
 1 file changed, 1 insertion(+), 1 deletion(-)
 tests:  0|5
total_score: 0/70
765e560
Thu 05 Oct 2023 07:28:08 PM UTC: 
 sudoku.c | 13 -------------
 1 file changed, 13 deletions(-)
 tests:  0|5
total_score: 0/70
e85232d
Thu 05 Oct 2023 07:40:28 PM UTC: 
 sudoku.c | 29 +++++++++++++++++++++++++++++
 1 file changed, 29 insertions(+)
In file included from test.c:5:
sudoku.c: In function ‘get_adj_nodes’:
sudoku.c:67:10: error: unused variable ‘x’ [-Werror=unused-variable]
   67 |     char x;
      |          ^
cc1: all warnings being treated as errors
Compilation failed
5e47f06
Thu 05 Oct 2023 07:40:38 PM UTC: 
 sudoku.c | 1 -
 1 file changed, 1 deletion(-)
 tests:  0|0
1980e11
Thu 05 Oct 2023 07:41:13 PM UTC: 
 sudoku.c | 2 +-
 1 file changed, 1 insertion(+), 1 deletion(-)
 tests:  0|5
total_score: 0/70
4d5778d
Thu 05 Oct 2023 07:42:15 PM UTC: 
 sudoku.c | 3 ++-
 1 file changed, 2 insertions(+), 1 deletion(-)
 tests:  0|5
total_score: 0/70
512a6b9
Thu 05 Oct 2023 07:43:41 PM UTC: 
 sudoku.c | 2 +-
 1 file changed, 1 insertion(+), 1 deletion(-)
In file included from test.c:5:
sudoku.c: In function ‘get_adj_nodes’:
sudoku.c:76:35: error: implicit declaration of function ‘Copy’; did you mean ‘copy’? [-Werror=implicit-function-declaration]
   76 |                   pushFront(list, Copy(n));
      |                                   ^~~~
      |                                   copy
sudoku.c:76:35: error: passing argument 2 of ‘pushFront’ makes pointer from integer without a cast [-Werror=int-conversion]
   76 |                   pushFront(list, Copy(n));
      |                                   ^~~~~~~
      |                                   |
      |                                   int
In file included from test.c:4:
list.h:22:34: note: expected ‘void *’ but argument is of type ‘int’
   22 | void pushFront(List* list, void* data);
      |                            ~~~~~~^~~~
cc1: all warnings being treated as errors
Compilation failed
498cba0
Thu 05 Oct 2023 07:43:52 PM UTC: 
 sudoku.c | 2 +-
 1 file changed, 1 insertion(+), 1 deletion(-)
 tests:  0|5
total_score: 0/70
a8a68c3
Thu 05 Oct 2023 07:44:12 PM UTC: 
 sudoku.c | 2 +-
 1 file changed, 1 insertion(+), 1 deletion(-)
 tests:  0|0
da5dd31
Thu 05 Oct 2023 07:48:21 PM UTC: 
 sudoku.c | 2 +-
 1 file changed, 1 insertion(+), 1 deletion(-)
 tests:  0|5
total_score: 0/70
3de836a
Thu 05 Oct 2023 07:49:13 PM UTC: 
 sudoku.c | 1 +
 1 file changed, 1 insertion(+)
 tests:  0|5
total_score: 0/70
c20ccf7
Thu 05 Oct 2023 07:50:26 PM UTC: 
 sudoku.c | 20 +++++++++++---------
 1 file changed, 11 insertions(+), 9 deletions(-)
 tests:  0|0
562ebc0
Thu 05 Oct 2023 07:50:49 PM UTC: 
 sudoku.c | 5 +----
 1 file changed, 1 insertion(+), 4 deletions(-)
 tests:  0|5
total_score: 0/70
0786ae7
Thu 05 Oct 2023 07:52:08 PM UTC: 
 sudoku.c | 4 ++--
 1 file changed, 2 insertions(+), 2 deletions(-)
 tests:  0|5
total_score: 0/70
a471124
Thu 05 Oct 2023 07:52:22 PM UTC: 
 sudoku.c | 2 +-
 1 file changed, 1 insertion(+), 1 deletion(-)
 tests:  0|0
cc8e200
Thu 05 Oct 2023 07:52:34 PM UTC: 
 sudoku.c | 2 +-
 1 file changed, 1 insertion(+), 1 deletion(-)
 tests:  2|4
total_score: 15/70
d9a63fd
Sun 08 Oct 2023 10:52:45 PM UTC: 
 sudoku.c | 2 +-
 1 file changed, 1 insertion(+), 1 deletion(-)
In file included from test.c:5:
sudoku.c: In function ‘is_valid’:
sudoku.c:54:44: error: expected identifier before ‘)’ token
   54 |               if (a == n->sudo[i][j] && n->)
      |                                            ^
Compilation failed
f2a7cc6
Sun 08 Oct 2023 11:00:43 PM UTC: 
 sudoku.c | 4 ++--
 1 file changed, 2 insertions(+), 2 deletions(-)
 tests:  2|4
total_score: 15/70
9b3b812
Sun 08 Oct 2023 11:23:55 PM UTC: 
 sudoku.c | 15 +++++++++++----
 1 file changed, 11 insertions(+), 4 deletions(-)
In file included from test.c:5:
sudoku.c: In function ‘is_valid’:
sudoku.c:53:11: error: expected ‘,’ or ‘;’ before ‘for’
   53 |           for (int j =0; j<9; j++)
      |           ^~~
sudoku.c:53:26: error: ‘j’ undeclared (first use in this function)
   53 |           for (int j =0; j<9; j++)
      |                          ^
sudoku.c:53:26: note: each undeclared identifier is reported only once for each function it appears in
sudoku.c:53:34: error: expected ‘;’ before ‘)’ token
   53 |           for (int j =0; j<9; j++)
      |                                  ^
      |                                  ;
sudoku.c:53:34: error: expected statement before ‘)’ token
sudoku.c:69:1: error: control reaches end of non-void function [-Werror=return-type]
   69 | }
      | ^
cc1: all warnings being treated as errors
Compilation failed
4674af4
